# JRE version: OpenJDK Runtime Environment Temurin-17.0.11+9 (17.0.11+9) (build 17.0.11+9)
# Java VM: OpenJDK 64-Bit Server VM Temurin-17.0.11+9 (17.0.11+9, mixed mode, emulated-client, tiered, compressed oops, compressed class ptrs, g1 gc, windows-amd64)
GC Precious Log:
 CPUs: 8 total, 8 available
 Memory: 7926M
 Large Page Support: Disabled
 NUMA Support: Disabled
 Compressed Oops: Enabled (32-bit)
 Heap Region Size: 1M
 Heap Min Capacity: 8M
 Heap Initial Capacity: 124M
 Heap Max Capacity: 1G
 Pre-touch: Disabled
 Parallel Workers: 8
 Concurrent Workers: 2
 Concurrent Refinement Workers: 8
 Periodic GC: Disabled
Heap:
 garbage-first heap   total 95232K, used 31481K [0x00000000c0000000, 0x0000000100000000)
  region size 1024K, 1 young (1024K), 0 survivors (0K)
 Metaspace       used 60689K, committed 61120K, reserved 1114112K
  class space    used 7659K, committed 7872K, reserved 1048576K
GC Heap History (20 events):
Event: 31460.088 GC heap before
{Heap before GC invocations=2598 (full 2572):
 garbage-first heap   total 95232K, used 31481K [0x00000000c0000000, 0x0000000100000000)
  region size 1024K, 1 young (1024K), 0 survivors (0K)
 Metaspace       used 60689K, committed 61120K, reserved 1114112K
  class space    used 7659K, committed 7872K, reserved 1048576K
}
Event: 31460.151 GC heap after
{Heap after GC invocations=2599 (full 2573):
 garbage-first heap   total 95232K, used 31481K [0x00000000c0000000, 0x0000000100000000)
  region size 1024K, 0 young (0K), 0 survivors (0K)
 Metaspace       used 60689K, committed 61120K, reserved 1114112K
  class space    used 7659K, committed 7872K, reserved 1048576K
}
Event: 31471.276 GC heap before
{Heap before GC invocations=2599 (full 2573):
 garbage-first heap   total 95232K, used 31481K [0x00000000c0000000, 0x0000000100000000)
  region size 1024K, 1 young (1024K), 0 survivors (0K)
 Metaspace       used 60689K, committed 61120K, reserved 1114112K
  class space    used 7659K, committed 7872K, reserved 1048576K
}
Event: 31472.249 GC heap after
{Heap after GC invocations=2600 (full 2574):
 garbage-first heap   total 95232K, used 31481K [0x00000000c0000000, 0x0000000100000000)
  region size 1024K, 0 young (0K), 0 survivors (0K)
 Metaspace       used 60689K, committed 61120K, reserved 1114112K
  class space    used 7659K, committed 7872K, reserved 1048576K
}
Event: 31483.132 GC heap before
{Heap before GC invocations=2600 (full 2574):
 garbage-first heap   total 95232K, used 31481K [0x00000000c0000000, 0x0000000100000000)
  region size 1024K, 1 young (1024K), 0 survivors (0K)
 Metaspace       used 60689K, committed 61120K, reserved 1114112K
  class space    used 7659K, committed 7872K, reserved 1048576K
}
Event: 31483.304 GC heap after
{Heap after GC invocations=2601 (full 2575):
 garbage-first heap   total 95232K, used 31481K [0x00000000c0000000, 0x0000000100000000)
  region size 1024K, 0 young (0K), 0 survivors (0K)
 Metaspace       used 60689K, committed 61120K, reserved 1114112K
  class space    used 7659K, committed 7872K, reserved 1048576K
}
Event: 31497.144 GC heap before
{Heap before GC invocations=2601 (full 2575):
 garbage-first heap   total 95232K, used 31481K [0x00000000c0000000, 0x0000000100000000)
  region size 1024K, 1 young (1024K), 0 survivors (0K)
 Metaspace       used 60689K, committed 61120K, reserved 1114112K
  class space    used 7659K, committed 7872K, reserved 1048576K
}
Event: 31497.893 GC heap after
{Heap after GC invocations=2602 (full 2576):
 garbage-first heap   total 95232K, used 31481K [0x00000000c0000000, 0x0000000100000000)
  region size 1024K, 0 young (0K), 0 survivors (0K)
 Metaspace       used 60689K, committed 61120K, reserved 1114112K
  class space    used 7659K, committed 7872K, reserved 1048576K
}
Event: 31509.019 GC heap before
{Heap before GC invocations=2602 (full 2576):
 garbage-first heap   total 95232K, used 31481K [0x00000000c0000000, 0x0000000100000000)
  region size 1024K, 1 young (1024K), 0 survivors (0K)
 Metaspace       used 60689K, committed 61120K, reserved 1114112K
  class space    used 7659K, committed 7872K, reserved 1048576K
}
Event: 31509.662 GC heap after
{Heap after GC invocations=2603 (full 2577):
 garbage-first heap   total 95232K, used 31481K [0x00000000c0000000, 0x0000000100000000)
  region size 1024K, 0 young (0K), 0 survivors (0K)
 Metaspace       used 60689K, committed 61120K, reserved 1114112K
  class space    used 7659K, committed 7872K, reserved 1048576K
}
Event: 31520.969 GC heap before
{Heap before GC invocations=2603 (full 2577):
 garbage-first heap   total 95232K, used 31481K [0x00000000c0000000, 0x0000000100000000)
  region size 1024K, 1 young (1024K), 0 survivors (0K)
 Metaspace       used 60689K, committed 61120K, reserved 1114112K
  class space    used 7659K, committed 7872K, reserved 1048576K
}
Event: 31521.432 GC heap after
{Heap after GC invocations=2604 (full 2578):
 garbage-first heap   total 95232K, used 31481K [0x00000000c0000000, 0x0000000100000000)
  region size 1024K, 0 young (0K), 0 survivors (0K)
 Metaspace       used 60689K, committed 61120K, reserved 1114112K
  class space    used 7659K, committed 7872K, reserved 1048576K
}
Event: 31532.818 GC heap before
{Heap before GC invocations=2604 (full 2578):
 garbage-first heap   total 95232K, used 31481K [0x00000000c0000000, 0x0000000100000000)
  region size 1024K, 1 young (1024K), 0 survivors (0K)
 Metaspace       used 60689K, committed 61120K, reserved 1114112K
  class space    used 7659K, committed 7872K, reserved 1048576K
}
Event: 31533.642 GC heap after
{Heap after GC invocations=2605 (full 2579):
 garbage-first heap   total 95232K, used 31481K [0x00000000c0000000, 0x0000000100000000)
  region size 1024K, 0 young (0K), 0 survivors (0K)
 Metaspace       used 60689K, committed 61120K, reserved 1114112K
  class space    used 7659K, committed 7872K, reserved 1048576K
}
Event: 31546.554 GC heap before
{Heap before GC invocations=2605 (full 2579):
 garbage-first heap   total 95232K, used 31481K [0x00000000c0000000, 0x0000000100000000)
  region size 1024K, 1 young (1024K), 0 survivors (0K)
 Metaspace       used 60689K, committed 61120K, reserved 1114112K
  class space    used 7659K, committed 7872K, reserved 1048576K
}
Event: 31547.538 GC heap after
{Heap after GC invocations=2606 (full 2580):
 garbage-first heap   total 95232K, used 31481K [0x00000000c0000000, 0x0000000100000000)
  region size 1024K, 0 young (0K), 0 survivors (0K)
 Metaspace       used 60689K, committed 61120K, reserved 1114112K
  class space    used 7659K, committed 7872K, reserved 1048576K
}
Event: 31559.850 GC heap before
{Heap before GC invocations=2606 (full 2580):
 garbage-first heap   total 95232K, used 31481K [0x00000000c0000000, 0x0000000100000000)
  region size 1024K, 1 young (1024K), 0 survivors (0K)
 Metaspace       used 60689K, committed 61120K, reserved 1114112K
  class space    used 7659K, committed 7872K, reserved 1048576K
}
Event: 31560.656 GC heap after
{Heap after GC invocations=2607 (full 2581):
 garbage-first heap   total 95232K, used 31481K [0x00000000c0000000, 0x0000000100000000)
  region size 1024K, 0 young (0K), 0 survivors (0K)
 Metaspace       used 60689K, committed 61120K, reserved 1114112K
  class space    used 7659K, committed 7872K, reserved 1048576K
}
Event: 31572.662 GC heap before
{Heap before GC invocations=2607 (full 2581):
 garbage-first heap   total 95232K, used 31481K [0x00000000c0000000, 0x0000000100000000)
  region size 1024K, 1 young (1024K), 0 survivors (0K)
 Metaspace       used 60689K, committed 61120K, reserved 1114112K
  class space    used 7659K, committed 7872K, reserved 1048576K
}
Event: 31573.385 GC heap after
{Heap after GC invocations=2608 (full 2582):
 garbage-first heap   total 95232K, used 31481K [0x00000000c0000000, 0x0000000100000000)
  region size 1024K, 0 young (0K), 0 survivors (0K)
 Metaspace       used 60689K, committed 61120K, reserved 1114112K
  class space    used 7659K, committed 7872K, reserved 1048576K
}

